<?xml version="1.0" encoding="UTF-8"?>
<testng-results skipped="0" failed="1" ignored="0" total="2" passed="1">
  <reporter-output>
  </reporter-output>
  <suite name="Default suite" duration-ms="34004" started-at="2020-03-09T06:46:07Z" finished-at="2020-03-09T06:46:41Z">
    <groups>
    </groups>
    <test name="Default test" duration-ms="34004" started-at="2020-03-09T06:46:07Z" finished-at="2020-03-09T06:46:41Z">
      <class name="test.GoogleHomepageTest">
        <test-method status="PASS" signature="setBrowser()[pri:0, instance:test.GoogleHomepageTest@59fa1d9b]" name="setBrowser" is-config="true" duration-ms="13717" started-at="2020-03-09T06:46:07Z" finished-at="2020-03-09T06:46:20Z">
          <reporter-output>
          </reporter-output>
        </test-method> <!-- setBrowser -->
        <test-method status="FAIL" signature="checkURL()[pri:1, instance:test.GoogleHomepageTest@59fa1d9b]" name="checkURL" duration-ms="17" started-at="2020-03-09T06:46:20Z" finished-at="2020-03-09T06:46:20Z">
          <exception class="java.lang.AssertionError">
            <message>
              <![CDATA[expected [www.google.com] but found [https://www.google.com/]]]>
            </message>
            <full-stacktrace>
              <![CDATA[java.lang.AssertionError: expected [www.google.com] but found [https://www.google.com/]
at org.testng.Assert.fail(Assert.java:96)
at org.testng.Assert.failNotEquals(Assert.java:776)
at org.testng.Assert.assertEqualsImpl(Assert.java:137)
at org.testng.Assert.assertEquals(Assert.java:118)
at org.testng.Assert.assertEquals(Assert.java:453)
at org.testng.Assert.assertEquals(Assert.java:463)
at test.GoogleHomepageTest.checkURL(GoogleHomepageTest.java:31)
at sun.reflect.NativeMethodAccessorImpl.invoke0(Native Method)
at sun.reflect.NativeMethodAccessorImpl.invoke(NativeMethodAccessorImpl.java:62)
at sun.reflect.DelegatingMethodAccessorImpl.invoke(DelegatingMethodAccessorImpl.java:43)
at java.lang.reflect.Method.invoke(Method.java:498)
at org.testng.internal.MethodInvocationHelper.invokeMethod(MethodInvocationHelper.java:124)
at org.testng.internal.Invoker.invokeMethod(Invoker.java:580)
at org.testng.internal.Invoker.invokeTestMethod(Invoker.java:716)
at org.testng.internal.Invoker.invokeTestMethods(Invoker.java:988)
at org.testng.internal.TestMethodWorker.invokeTestMethods(TestMethodWorker.java:125)
at org.testng.internal.TestMethodWorker.run(TestMethodWorker.java:109)
at org.testng.TestRunner.privateRun(TestRunner.java:648)
at org.testng.TestRunner.run(TestRunner.java:505)
at org.testng.SuiteRunner.runTest(SuiteRunner.java:455)
at org.testng.SuiteRunner.runSequentially(SuiteRunner.java:450)
at org.testng.SuiteRunner.privateRun(SuiteRunner.java:415)
at org.testng.SuiteRunner.run(SuiteRunner.java:364)
at org.testng.SuiteRunnerWorker.runSuite(SuiteRunnerWorker.java:52)
at org.testng.SuiteRunnerWorker.run(SuiteRunnerWorker.java:84)
at org.testng.TestNG.runSuitesSequentially(TestNG.java:1208)
at org.testng.TestNG.runSuitesLocally(TestNG.java:1137)
at org.testng.TestNG.runSuites(TestNG.java:1049)
at org.testng.TestNG.run(TestNG.java:1017)
at org.testng.remote.AbstractRemoteTestNG.run(AbstractRemoteTestNG.java:114)
at org.testng.remote.RemoteTestNG.initAndRun(RemoteTestNG.java:251)
at org.testng.remote.RemoteTestNG.main(RemoteTestNG.java:77)
]]>
            </full-stacktrace>
          </exception> <!-- java.lang.AssertionError -->
          <reporter-output>
          </reporter-output>
        </test-method> <!-- checkURL -->
        <test-method status="PASS" signature="closeBrowser()[pri:0, instance:test.GoogleHomepageTest@59fa1d9b]" name="closeBrowser" is-config="true" duration-ms="4402" started-at="2020-03-09T06:46:20Z" finished-at="2020-03-09T06:46:25Z">
          <reporter-output>
          </reporter-output>
        </test-method> <!-- closeBrowser -->
        <test-method status="PASS" signature="setBrowser()[pri:0, instance:test.GoogleHomepageTest@59fa1d9b]" name="setBrowser" is-config="true" duration-ms="11310" started-at="2020-03-09T06:46:25Z" finished-at="2020-03-09T06:46:36Z">
          <reporter-output>
          </reporter-output>
        </test-method> <!-- setBrowser -->
        <test-method status="PASS" signature="checkLogo()[pri:2, instance:test.GoogleHomepageTest@59fa1d9b]" name="checkLogo" duration-ms="111" started-at="2020-03-09T06:46:36Z" finished-at="2020-03-09T06:46:36Z">
          <reporter-output>
          </reporter-output>
        </test-method> <!-- checkLogo -->
        <test-method status="PASS" signature="closeBrowser()[pri:0, instance:test.GoogleHomepageTest@59fa1d9b]" name="closeBrowser" is-config="true" duration-ms="4400" started-at="2020-03-09T06:46:36Z" finished-at="2020-03-09T06:46:41Z">
          <reporter-output>
          </reporter-output>
        </test-method> <!-- closeBrowser -->
      </class> <!-- test.GoogleHomepageTest -->
    </test> <!-- Default test -->
  </suite> <!-- Default suite -->
</testng-results>
